c:\users\acign\documents\cse 687 projects\project 3\cse-687-project-3\project3\debug\project3.pch
c:\users\acign\documents\cse 687 projects\project 3\cse-687-project-3\project3\debug\vc141.pdb
c:\users\acign\documents\cse 687 projects\project 3\cse-687-project-3\project3\debug\vc141.idb
c:\users\acign\documents\cse 687 projects\project 3\cse-687-project-3\project3\debug\pch.obj
c:\users\acign\documents\cse 687 projects\project 3\cse-687-project-3\project3\debug\tinyxml2.obj
c:\users\acign\documents\cse 687 projects\project 3\cse-687-project-3\project3\debug\testharness.obj
c:\users\acign\documents\cse 687 projects\project 3\cse-687-project-3\project3\debug\executive.obj
c:\users\acign\documents\cse 687 projects\project 3\cse-687-project-3\project3\debug\utilities.obj
c:\users\acign\documents\cse 687 projects\project 3\cse-687-project-3\project3\debug\sockets.obj
c:\users\acign\documents\cse 687 projects\project 3\cse-687-project-3\project3\debug\comm.obj
c:\users\acign\documents\cse 687 projects\project 3\cse-687-project-3\project3\debug\message.obj
c:\users\acign\documents\cse 687 projects\project 3\cse-687-project-3\project3\debug\logger.obj
c:\users\acign\documents\cse 687 projects\project 3\cse-687-project-3\project3\debug\cpp11-blockingqueue.obj
c:\users\acign\documents\cse 687 projects\project 3\cse-687-project-3\debug\project3.ilk
c:\users\acign\documents\cse 687 projects\project 3\cse-687-project-3\debug\project3.exe
c:\users\acign\documents\cse 687 projects\project 3\cse-687-project-3\debug\project3.pdb
c:\users\acign\documents\cse 687 projects\project 3\cse-687-project-3\project3\debug\project3.tlog\cl.command.1.tlog
c:\users\acign\documents\cse 687 projects\project 3\cse-687-project-3\project3\debug\project3.tlog\cl.read.1.tlog
c:\users\acign\documents\cse 687 projects\project 3\cse-687-project-3\project3\debug\project3.tlog\cl.write.1.tlog
c:\users\acign\documents\cse 687 projects\project 3\cse-687-project-3\project3\debug\project3.tlog\link.command.1.tlog
c:\users\acign\documents\cse 687 projects\project 3\cse-687-project-3\project3\debug\project3.tlog\link.read.1.tlog
c:\users\acign\documents\cse 687 projects\project 3\cse-687-project-3\project3\debug\project3.tlog\link.write.1.tlog
